2020-08-12 11:39:44,035 [Worker-1: Loading available Gradle versions] INFO  o.e.b.c.i.u.g.PublishedGradleVersions - Gradle version information cache is up-to-date. Trying to read.
2020-08-12 11:40:54,873 [Worker-6: Updating Maven Dependencies] INFO  o.e.m.c.i.l.LifecycleMappingFactory - Using org.eclipse.m2e.jdt.JarLifecycleMapping lifecycle mapping for MavenProject: com.web.curation:webcuration:0.0.1-SNAPSHOT @ C:\SSAFY\git\s03p13b303\backend\pom.xml.
2020-08-12 11:41:00,673 [Worker-2: Building] INFO  o.e.m.c.i.embedder.EclipseLogger - Using 'UTF-8' encoding to copy filtered resources.
2020-08-12 11:41:00,677 [Worker-2: Building] INFO  o.e.m.c.i.embedder.EclipseLogger - Copying 1 resource
2020-08-12 11:41:00,691 [Worker-2: Building] INFO  o.e.m.c.i.embedder.EclipseLogger - Copying 10 resources
2020-08-12 11:41:00,722 [Worker-2: Building] INFO  o.e.m.c.i.embedder.EclipseLogger - Using 'UTF-8' encoding to copy filtered resources.
2020-08-12 11:41:00,723 [Worker-2: Building] INFO  o.e.m.c.i.embedder.EclipseLogger - skip non existing resourceDirectory C:\SSAFY\git\s03p13b303\backend\src\test\resources
2020-08-12 11:41:48,775 [Worker-5: Updating Maven Project] INFO  o.e.m.c.i.p.ProjectConfigurationManager - Update started
2020-08-12 11:41:49,285 [Worker-5: Updating Maven Project] INFO  o.e.m.c.i.l.LifecycleMappingFactory - Using org.eclipse.m2e.jdt.JarLifecycleMapping lifecycle mapping for MavenProject: com.web.curation:webcuration:0.0.1-SNAPSHOT @ C:\SSAFY\git\s03p13b303\backend\pom.xml.
2020-08-12 11:41:49,942 [Worker-5: Updating Maven Project] INFO  o.e.m.j.i.AbstractJavaProjectConfigurator - Adding source folder /backend/src/main/java
2020-08-12 11:41:49,943 [Worker-5: Updating Maven Project] INFO  o.e.m.j.i.AbstractJavaProjectConfigurator - Adding resource folder /backend/src/main/resources
2020-08-12 11:41:49,943 [Worker-5: Updating Maven Project] INFO  o.e.m.j.i.AbstractJavaProjectConfigurator - Adding resource folder /backend/src/main/resources
2020-08-12 11:41:49,944 [Worker-5: Updating Maven Project] INFO  o.e.m.j.i.AbstractJavaProjectConfigurator - Adding source folder /backend/src/test/java
2020-08-12 11:41:50,216 [Worker-5: Updating Maven Project] INFO  o.e.m.c.i.p.ProjectConfigurationManager - Update completed: 1 sec
2020-08-12 11:41:51,861 [Worker-1: Building] INFO  o.e.m.c.i.embedder.EclipseLogger - Using 'UTF-8' encoding to copy filtered resources.
2020-08-12 11:41:51,862 [Worker-1: Building] INFO  o.e.m.c.i.embedder.EclipseLogger - Copying 1 resource
2020-08-12 11:41:51,879 [Worker-1: Building] INFO  o.e.m.c.i.embedder.EclipseLogger - Copying 10 resources
2020-08-12 11:41:51,911 [Worker-1: Building] INFO  o.e.m.c.i.embedder.EclipseLogger - Using 'UTF-8' encoding to copy filtered resources.
2020-08-12 11:41:51,912 [Worker-1: Building] INFO  o.e.m.c.i.embedder.EclipseLogger - skip non existing resourceDirectory C:\SSAFY\git\s03p13b303\backend\src\test\resources
2020-08-12 12:06:21,961 [Worker-20: Building] INFO  o.e.m.c.i.embedder.EclipseLogger - Using 'UTF-8' encoding to copy filtered resources.
2020-08-12 12:06:21,965 [Worker-20: Building] INFO  o.e.m.c.i.embedder.EclipseLogger - Copying 1 resource
2020-08-12 12:06:21,970 [Worker-20: Building] INFO  o.e.m.c.i.embedder.EclipseLogger - Copying 14 resources
2020-08-12 12:06:21,992 [Worker-20: Building] INFO  o.e.m.c.i.embedder.EclipseLogger - Using 'UTF-8' encoding to copy filtered resources.
2020-08-12 12:06:21,993 [Worker-20: Building] INFO  o.e.m.c.i.embedder.EclipseLogger - skip non existing resourceDirectory C:\SSAFY\git\s03p13b303\backend\src\test\resources
2020-08-12 12:07:13,492 [Worker-14: Building] INFO  o.e.m.c.i.embedder.EclipseLogger - Using 'UTF-8' encoding to copy filtered resources.
2020-08-12 12:07:13,494 [Worker-14: Building] INFO  o.e.m.c.i.embedder.EclipseLogger - Copying 1 resource
2020-08-12 12:07:13,497 [Worker-14: Building] INFO  o.e.m.c.i.embedder.EclipseLogger - Copying 14 resources
2020-08-12 12:07:13,500 [Worker-14: Building] INFO  o.e.m.c.i.embedder.EclipseLogger - Using 'UTF-8' encoding to copy filtered resources.
2020-08-12 12:07:13,500 [Worker-14: Building] INFO  o.e.m.c.i.embedder.EclipseLogger - skip non existing resourceDirectory C:\SSAFY\git\s03p13b303\backend\src\test\resources
2020-08-12 12:07:59,850 [Worker-22: Building] INFO  o.e.m.c.i.embedder.EclipseLogger - Using 'UTF-8' encoding to copy filtered resources.
2020-08-12 12:07:59,852 [Worker-22: Building] INFO  o.e.m.c.i.embedder.EclipseLogger - Copying 1 resource
2020-08-12 12:07:59,855 [Worker-22: Building] INFO  o.e.m.c.i.embedder.EclipseLogger - Copying 14 resources
2020-08-12 12:07:59,858 [Worker-22: Building] INFO  o.e.m.c.i.embedder.EclipseLogger - Using 'UTF-8' encoding to copy filtered resources.
2020-08-12 12:07:59,858 [Worker-22: Building] INFO  o.e.m.c.i.embedder.EclipseLogger - skip non existing resourceDirectory C:\SSAFY\git\s03p13b303\backend\src\test\resources
2020-08-12 12:08:18,467 [Worker-17: Building] INFO  o.e.m.c.i.embedder.EclipseLogger - Using 'UTF-8' encoding to copy filtered resources.
2020-08-12 12:08:18,469 [Worker-17: Building] INFO  o.e.m.c.i.embedder.EclipseLogger - Copying 1 resource
2020-08-12 12:08:18,471 [Worker-17: Building] INFO  o.e.m.c.i.embedder.EclipseLogger - Copying 14 resources
2020-08-12 12:08:18,474 [Worker-17: Building] INFO  o.e.m.c.i.embedder.EclipseLogger - Using 'UTF-8' encoding to copy filtered resources.
2020-08-12 12:08:18,474 [Worker-17: Building] INFO  o.e.m.c.i.embedder.EclipseLogger - skip non existing resourceDirectory C:\SSAFY\git\s03p13b303\backend\src\test\resources
2020-08-12 12:09:20,719 [Worker-23: Building] INFO  o.e.m.c.i.embedder.EclipseLogger - Using 'UTF-8' encoding to copy filtered resources.
2020-08-12 12:09:20,721 [Worker-23: Building] INFO  o.e.m.c.i.embedder.EclipseLogger - Copying 1 resource
2020-08-12 12:09:20,725 [Worker-23: Building] INFO  o.e.m.c.i.embedder.EclipseLogger - Copying 14 resources
2020-08-12 12:09:20,728 [Worker-23: Building] INFO  o.e.m.c.i.embedder.EclipseLogger - Using 'UTF-8' encoding to copy filtered resources.
2020-08-12 12:09:20,728 [Worker-23: Building] INFO  o.e.m.c.i.embedder.EclipseLogger - skip non existing resourceDirectory C:\SSAFY\git\s03p13b303\backend\src\test\resources
2020-08-12 12:09:33,425 [Worker-21: Building] INFO  o.e.m.c.i.embedder.EclipseLogger - Using 'UTF-8' encoding to copy filtered resources.
2020-08-12 12:09:33,427 [Worker-21: Building] INFO  o.e.m.c.i.embedder.EclipseLogger - Copying 1 resource
2020-08-12 12:09:33,429 [Worker-21: Building] INFO  o.e.m.c.i.embedder.EclipseLogger - Copying 14 resources
2020-08-12 12:09:33,433 [Worker-21: Building] INFO  o.e.m.c.i.embedder.EclipseLogger - Using 'UTF-8' encoding to copy filtered resources.
2020-08-12 12:09:33,433 [Worker-21: Building] INFO  o.e.m.c.i.embedder.EclipseLogger - skip non existing resourceDirectory C:\SSAFY\git\s03p13b303\backend\src\test\resources
2020-08-12 12:11:12,675 [Worker-22: Building] INFO  o.e.m.c.i.embedder.EclipseLogger - Using 'UTF-8' encoding to copy filtered resources.
2020-08-12 12:11:12,677 [Worker-22: Building] INFO  o.e.m.c.i.embedder.EclipseLogger - Copying 1 resource
2020-08-12 12:11:12,680 [Worker-22: Building] INFO  o.e.m.c.i.embedder.EclipseLogger - Copying 14 resources
2020-08-12 12:11:12,684 [Worker-22: Building] INFO  o.e.m.c.i.embedder.EclipseLogger - Using 'UTF-8' encoding to copy filtered resources.
2020-08-12 12:11:12,684 [Worker-22: Building] INFO  o.e.m.c.i.embedder.EclipseLogger - skip non existing resourceDirectory C:\SSAFY\git\s03p13b303\backend\src\test\resources
2020-08-12 12:12:11,493 [Worker-22: Building] INFO  o.e.m.c.i.embedder.EclipseLogger - Using 'UTF-8' encoding to copy filtered resources.
2020-08-12 12:12:11,495 [Worker-22: Building] INFO  o.e.m.c.i.embedder.EclipseLogger - Copying 1 resource
2020-08-12 12:12:11,498 [Worker-22: Building] INFO  o.e.m.c.i.embedder.EclipseLogger - Copying 14 resources
2020-08-12 12:12:11,500 [Worker-22: Building] INFO  o.e.m.c.i.embedder.EclipseLogger - Using 'UTF-8' encoding to copy filtered resources.
2020-08-12 12:12:11,500 [Worker-22: Building] INFO  o.e.m.c.i.embedder.EclipseLogger - skip non existing resourceDirectory C:\SSAFY\git\s03p13b303\backend\src\test\resources
2020-08-12 12:12:24,552 [Worker-20: Building] INFO  o.e.m.c.i.embedder.EclipseLogger - Using 'UTF-8' encoding to copy filtered resources.
2020-08-12 12:12:24,555 [Worker-20: Building] INFO  o.e.m.c.i.embedder.EclipseLogger - Copying 1 resource
2020-08-12 12:12:24,558 [Worker-20: Building] INFO  o.e.m.c.i.embedder.EclipseLogger - Copying 14 resources
2020-08-12 12:12:24,561 [Worker-20: Building] INFO  o.e.m.c.i.embedder.EclipseLogger - Using 'UTF-8' encoding to copy filtered resources.
2020-08-12 12:12:24,561 [Worker-20: Building] INFO  o.e.m.c.i.embedder.EclipseLogger - skip non existing resourceDirectory C:\SSAFY\git\s03p13b303\backend\src\test\resources
2020-08-12 12:12:37,381 [Worker-23: Building] INFO  o.e.m.c.i.embedder.EclipseLogger - Using 'UTF-8' encoding to copy filtered resources.
2020-08-12 12:12:37,383 [Worker-23: Building] INFO  o.e.m.c.i.embedder.EclipseLogger - Copying 1 resource
2020-08-12 12:12:37,385 [Worker-23: Building] INFO  o.e.m.c.i.embedder.EclipseLogger - Copying 14 resources
2020-08-12 12:12:37,388 [Worker-23: Building] INFO  o.e.m.c.i.embedder.EclipseLogger - Using 'UTF-8' encoding to copy filtered resources.
2020-08-12 12:12:37,388 [Worker-23: Building] INFO  o.e.m.c.i.embedder.EclipseLogger - skip non existing resourceDirectory C:\SSAFY\git\s03p13b303\backend\src\test\resources
2020-08-12 12:12:57,796 [Worker-22: Building] INFO  o.e.m.c.i.embedder.EclipseLogger - Using 'UTF-8' encoding to copy filtered resources.
2020-08-12 12:12:57,799 [Worker-22: Building] INFO  o.e.m.c.i.embedder.EclipseLogger - Copying 1 resource
2020-08-12 12:12:57,801 [Worker-22: Building] INFO  o.e.m.c.i.embedder.EclipseLogger - Copying 14 resources
2020-08-12 12:12:57,805 [Worker-22: Building] INFO  o.e.m.c.i.embedder.EclipseLogger - Using 'UTF-8' encoding to copy filtered resources.
2020-08-12 12:12:57,805 [Worker-22: Building] INFO  o.e.m.c.i.embedder.EclipseLogger - skip non existing resourceDirectory C:\SSAFY\git\s03p13b303\backend\src\test\resources
2020-08-12 12:13:04,571 [Worker-25: Building] INFO  o.e.m.c.i.embedder.EclipseLogger - Using 'UTF-8' encoding to copy filtered resources.
2020-08-12 12:13:04,573 [Worker-25: Building] INFO  o.e.m.c.i.embedder.EclipseLogger - Copying 1 resource
2020-08-12 12:13:04,575 [Worker-25: Building] INFO  o.e.m.c.i.embedder.EclipseLogger - Copying 14 resources
2020-08-12 12:13:04,578 [Worker-25: Building] INFO  o.e.m.c.i.embedder.EclipseLogger - Using 'UTF-8' encoding to copy filtered resources.
2020-08-12 12:13:04,578 [Worker-25: Building] INFO  o.e.m.c.i.embedder.EclipseLogger - skip non existing resourceDirectory C:\SSAFY\git\s03p13b303\backend\src\test\resources
2020-08-12 12:13:22,817 [Worker-21: Building] INFO  o.e.m.c.i.embedder.EclipseLogger - Using 'UTF-8' encoding to copy filtered resources.
2020-08-12 12:13:22,818 [Worker-21: Building] INFO  o.e.m.c.i.embedder.EclipseLogger - Copying 1 resource
2020-08-12 12:13:22,821 [Worker-21: Building] INFO  o.e.m.c.i.embedder.EclipseLogger - Copying 14 resources
2020-08-12 12:13:22,823 [Worker-21: Building] INFO  o.e.m.c.i.embedder.EclipseLogger - Using 'UTF-8' encoding to copy filtered resources.
2020-08-12 12:13:22,824 [Worker-21: Building] INFO  o.e.m.c.i.embedder.EclipseLogger - skip non existing resourceDirectory C:\SSAFY\git\s03p13b303\backend\src\test\resources
2020-08-12 12:13:26,963 [Worker-20: Building] INFO  o.e.m.c.i.embedder.EclipseLogger - Using 'UTF-8' encoding to copy filtered resources.
2020-08-12 12:13:26,965 [Worker-20: Building] INFO  o.e.m.c.i.embedder.EclipseLogger - Copying 1 resource
2020-08-12 12:13:26,967 [Worker-20: Building] INFO  o.e.m.c.i.embedder.EclipseLogger - Copying 14 resources
2020-08-12 12:13:26,970 [Worker-20: Building] INFO  o.e.m.c.i.embedder.EclipseLogger - Using 'UTF-8' encoding to copy filtered resources.
2020-08-12 12:13:26,971 [Worker-20: Building] INFO  o.e.m.c.i.embedder.EclipseLogger - skip non existing resourceDirectory C:\SSAFY\git\s03p13b303\backend\src\test\resources
2020-08-12 12:14:01,098 [Worker-22: Building] INFO  o.e.m.c.i.embedder.EclipseLogger - Using 'UTF-8' encoding to copy filtered resources.
2020-08-12 12:14:01,100 [Worker-22: Building] INFO  o.e.m.c.i.embedder.EclipseLogger - Copying 1 resource
2020-08-12 12:14:01,103 [Worker-22: Building] INFO  o.e.m.c.i.embedder.EclipseLogger - Copying 14 resources
2020-08-12 12:14:01,107 [Worker-22: Building] INFO  o.e.m.c.i.embedder.EclipseLogger - Using 'UTF-8' encoding to copy filtered resources.
2020-08-12 12:14:01,107 [Worker-22: Building] INFO  o.e.m.c.i.embedder.EclipseLogger - skip non existing resourceDirectory C:\SSAFY\git\s03p13b303\backend\src\test\resources
2020-08-12 12:14:04,607 [Worker-20: Building] INFO  o.e.m.c.i.embedder.EclipseLogger - Using 'UTF-8' encoding to copy filtered resources.
2020-08-12 12:14:04,609 [Worker-20: Building] INFO  o.e.m.c.i.embedder.EclipseLogger - Copying 1 resource
2020-08-12 12:14:04,611 [Worker-20: Building] INFO  o.e.m.c.i.embedder.EclipseLogger - Copying 14 resources
2020-08-12 12:14:04,614 [Worker-20: Building] INFO  o.e.m.c.i.embedder.EclipseLogger - Using 'UTF-8' encoding to copy filtered resources.
2020-08-12 12:14:04,614 [Worker-20: Building] INFO  o.e.m.c.i.embedder.EclipseLogger - skip non existing resourceDirectory C:\SSAFY\git\s03p13b303\backend\src\test\resources
2020-08-12 12:14:31,503 [Worker-22: Building] INFO  o.e.m.c.i.embedder.EclipseLogger - Using 'UTF-8' encoding to copy filtered resources.
2020-08-12 12:14:31,505 [Worker-22: Building] INFO  o.e.m.c.i.embedder.EclipseLogger - Copying 1 resource
2020-08-12 12:14:31,507 [Worker-22: Building] INFO  o.e.m.c.i.embedder.EclipseLogger - Copying 14 resources
2020-08-12 12:14:31,509 [Worker-22: Building] INFO  o.e.m.c.i.embedder.EclipseLogger - Using 'UTF-8' encoding to copy filtered resources.
2020-08-12 12:14:31,509 [Worker-22: Building] INFO  o.e.m.c.i.embedder.EclipseLogger - skip non existing resourceDirectory C:\SSAFY\git\s03p13b303\backend\src\test\resources
2020-08-12 12:14:33,709 [Worker-26: Building] INFO  o.e.m.c.i.embedder.EclipseLogger - Using 'UTF-8' encoding to copy filtered resources.
2020-08-12 12:14:33,711 [Worker-26: Building] INFO  o.e.m.c.i.embedder.EclipseLogger - Copying 1 resource
2020-08-12 12:14:33,714 [Worker-26: Building] INFO  o.e.m.c.i.embedder.EclipseLogger - Copying 14 resources
2020-08-12 12:14:33,717 [Worker-26: Building] INFO  o.e.m.c.i.embedder.EclipseLogger - Using 'UTF-8' encoding to copy filtered resources.
2020-08-12 12:14:33,717 [Worker-26: Building] INFO  o.e.m.c.i.embedder.EclipseLogger - skip non existing resourceDirectory C:\SSAFY\git\s03p13b303\backend\src\test\resources
2020-08-12 12:14:46,957 [Worker-25: Building] INFO  o.e.m.c.i.embedder.EclipseLogger - Using 'UTF-8' encoding to copy filtered resources.
2020-08-12 12:14:46,958 [Worker-25: Building] INFO  o.e.m.c.i.embedder.EclipseLogger - Copying 1 resource
2020-08-12 12:14:46,961 [Worker-25: Building] INFO  o.e.m.c.i.embedder.EclipseLogger - Copying 14 resources
2020-08-12 12:14:46,964 [Worker-25: Building] INFO  o.e.m.c.i.embedder.EclipseLogger - Using 'UTF-8' encoding to copy filtered resources.
2020-08-12 12:14:46,964 [Worker-25: Building] INFO  o.e.m.c.i.embedder.EclipseLogger - skip non existing resourceDirectory C:\SSAFY\git\s03p13b303\backend\src\test\resources
2020-08-12 12:14:49,374 [Worker-26: Building] INFO  o.e.m.c.i.embedder.EclipseLogger - Using 'UTF-8' encoding to copy filtered resources.
2020-08-12 12:14:49,376 [Worker-26: Building] INFO  o.e.m.c.i.embedder.EclipseLogger - Copying 1 resource
2020-08-12 12:14:49,379 [Worker-26: Building] INFO  o.e.m.c.i.embedder.EclipseLogger - Copying 14 resources
2020-08-12 12:14:49,382 [Worker-26: Building] INFO  o.e.m.c.i.embedder.EclipseLogger - Using 'UTF-8' encoding to copy filtered resources.
2020-08-12 12:14:49,382 [Worker-26: Building] INFO  o.e.m.c.i.embedder.EclipseLogger - skip non existing resourceDirectory C:\SSAFY\git\s03p13b303\backend\src\test\resources
2020-08-12 12:15:02,044 [Worker-22: Building] INFO  o.e.m.c.i.embedder.EclipseLogger - Using 'UTF-8' encoding to copy filtered resources.
2020-08-12 12:15:02,046 [Worker-22: Building] INFO  o.e.m.c.i.embedder.EclipseLogger - Copying 1 resource
2020-08-12 12:15:02,049 [Worker-22: Building] INFO  o.e.m.c.i.embedder.EclipseLogger - Copying 14 resources
2020-08-12 12:15:02,052 [Worker-22: Building] INFO  o.e.m.c.i.embedder.EclipseLogger - Using 'UTF-8' encoding to copy filtered resources.
2020-08-12 12:15:02,052 [Worker-22: Building] INFO  o.e.m.c.i.embedder.EclipseLogger - skip non existing resourceDirectory C:\SSAFY\git\s03p13b303\backend\src\test\resources
2020-08-12 12:15:23,125 [Worker-22: Building] INFO  o.e.m.c.i.embedder.EclipseLogger - Using 'UTF-8' encoding to copy filtered resources.
2020-08-12 12:15:23,127 [Worker-22: Building] INFO  o.e.m.c.i.embedder.EclipseLogger - Copying 1 resource
2020-08-12 12:15:23,130 [Worker-22: Building] INFO  o.e.m.c.i.embedder.EclipseLogger - Copying 14 resources
2020-08-12 12:15:23,132 [Worker-22: Building] INFO  o.e.m.c.i.embedder.EclipseLogger - Using 'UTF-8' encoding to copy filtered resources.
2020-08-12 12:15:23,133 [Worker-22: Building] INFO  o.e.m.c.i.embedder.EclipseLogger - skip non existing resourceDirectory C:\SSAFY\git\s03p13b303\backend\src\test\resources
2020-08-12 12:22:13,203 [Worker-30: Building] INFO  o.e.m.c.i.embedder.EclipseLogger - Using 'UTF-8' encoding to copy filtered resources.
2020-08-12 12:22:13,207 [Worker-30: Building] INFO  o.e.m.c.i.embedder.EclipseLogger - Copying 1 resource
2020-08-12 12:22:13,213 [Worker-30: Building] INFO  o.e.m.c.i.embedder.EclipseLogger - Copying 14 resources
2020-08-12 12:22:13,217 [Worker-30: Building] INFO  o.e.m.c.i.embedder.EclipseLogger - Using 'UTF-8' encoding to copy filtered resources.
2020-08-12 12:22:13,217 [Worker-30: Building] INFO  o.e.m.c.i.embedder.EclipseLogger - skip non existing resourceDirectory C:\SSAFY\git\s03p13b303\backend\src\test\resources
2020-08-12 12:23:46,551 [Worker-30: Building] INFO  o.e.m.c.i.embedder.EclipseLogger - Using 'UTF-8' encoding to copy filtered resources.
2020-08-12 12:23:46,554 [Worker-30: Building] INFO  o.e.m.c.i.embedder.EclipseLogger - Copying 1 resource
2020-08-12 12:23:46,557 [Worker-30: Building] INFO  o.e.m.c.i.embedder.EclipseLogger - Copying 14 resources
2020-08-12 12:23:46,561 [Worker-30: Building] INFO  o.e.m.c.i.embedder.EclipseLogger - Using 'UTF-8' encoding to copy filtered resources.
2020-08-12 12:23:46,562 [Worker-30: Building] INFO  o.e.m.c.i.embedder.EclipseLogger - skip non existing resourceDirectory C:\SSAFY\git\s03p13b303\backend\src\test\resources
2020-08-12 12:24:02,528 [Worker-26: Building] INFO  o.e.m.c.i.embedder.EclipseLogger - Using 'UTF-8' encoding to copy filtered resources.
2020-08-12 12:24:02,532 [Worker-26: Building] INFO  o.e.m.c.i.embedder.EclipseLogger - Copying 1 resource
2020-08-12 12:24:02,536 [Worker-26: Building] INFO  o.e.m.c.i.embedder.EclipseLogger - Copying 14 resources
2020-08-12 12:24:02,540 [Worker-26: Building] INFO  o.e.m.c.i.embedder.EclipseLogger - Using 'UTF-8' encoding to copy filtered resources.
2020-08-12 12:24:02,541 [Worker-26: Building] INFO  o.e.m.c.i.embedder.EclipseLogger - skip non existing resourceDirectory C:\SSAFY\git\s03p13b303\backend\src\test\resources
2020-08-12 12:24:07,406 [Worker-32: Building] INFO  o.e.m.c.i.embedder.EclipseLogger - Using 'UTF-8' encoding to copy filtered resources.
2020-08-12 12:24:07,409 [Worker-32: Building] INFO  o.e.m.c.i.embedder.EclipseLogger - Copying 1 resource
2020-08-12 12:24:07,412 [Worker-32: Building] INFO  o.e.m.c.i.embedder.EclipseLogger - Copying 14 resources
2020-08-12 12:24:07,416 [Worker-32: Building] INFO  o.e.m.c.i.embedder.EclipseLogger - Using 'UTF-8' encoding to copy filtered resources.
2020-08-12 12:24:07,416 [Worker-32: Building] INFO  o.e.m.c.i.embedder.EclipseLogger - skip non existing resourceDirectory C:\SSAFY\git\s03p13b303\backend\src\test\resources
2020-08-12 12:24:16,817 [Worker-30: Building] INFO  o.e.m.c.i.embedder.EclipseLogger - Using 'UTF-8' encoding to copy filtered resources.
2020-08-12 12:24:16,821 [Worker-30: Building] INFO  o.e.m.c.i.embedder.EclipseLogger - Copying 1 resource
2020-08-12 12:24:16,826 [Worker-30: Building] INFO  o.e.m.c.i.embedder.EclipseLogger - Copying 14 resources
2020-08-12 12:24:16,832 [Worker-30: Building] INFO  o.e.m.c.i.embedder.EclipseLogger - Using 'UTF-8' encoding to copy filtered resources.
2020-08-12 12:24:16,832 [Worker-30: Building] INFO  o.e.m.c.i.embedder.EclipseLogger - skip non existing resourceDirectory C:\SSAFY\git\s03p13b303\backend\src\test\resources
2020-08-12 12:24:34,253 [Worker-31: Building] INFO  o.e.m.c.i.embedder.EclipseLogger - Using 'UTF-8' encoding to copy filtered resources.
2020-08-12 12:24:34,256 [Worker-31: Building] INFO  o.e.m.c.i.embedder.EclipseLogger - Copying 1 resource
2020-08-12 12:24:34,259 [Worker-31: Building] INFO  o.e.m.c.i.embedder.EclipseLogger - Copying 14 resources
2020-08-12 12:24:34,263 [Worker-31: Building] INFO  o.e.m.c.i.embedder.EclipseLogger - Using 'UTF-8' encoding to copy filtered resources.
2020-08-12 12:24:34,263 [Worker-31: Building] INFO  o.e.m.c.i.embedder.EclipseLogger - skip non existing resourceDirectory C:\SSAFY\git\s03p13b303\backend\src\test\resources
2020-08-12 12:25:02,607 [Worker-29: Building] INFO  o.e.m.c.i.embedder.EclipseLogger - Using 'UTF-8' encoding to copy filtered resources.
2020-08-12 12:25:02,612 [Worker-29: Building] INFO  o.e.m.c.i.embedder.EclipseLogger - Copying 1 resource
2020-08-12 12:25:02,619 [Worker-29: Building] INFO  o.e.m.c.i.embedder.EclipseLogger - Copying 14 resources
2020-08-12 12:25:02,625 [Worker-29: Building] INFO  o.e.m.c.i.embedder.EclipseLogger - Using 'UTF-8' encoding to copy filtered resources.
2020-08-12 12:25:02,626 [Worker-29: Building] INFO  o.e.m.c.i.embedder.EclipseLogger - skip non existing resourceDirectory C:\SSAFY\git\s03p13b303\backend\src\test\resources
2020-08-12 12:25:15,518 [Worker-28: Building] INFO  o.e.m.c.i.embedder.EclipseLogger - Using 'UTF-8' encoding to copy filtered resources.
2020-08-12 12:25:15,521 [Worker-28: Building] INFO  o.e.m.c.i.embedder.EclipseLogger - Copying 1 resource
2020-08-12 12:25:15,525 [Worker-28: Building] INFO  o.e.m.c.i.embedder.EclipseLogger - Copying 14 resources
2020-08-12 12:25:15,529 [Worker-28: Building] INFO  o.e.m.c.i.embedder.EclipseLogger - Using 'UTF-8' encoding to copy filtered resources.
2020-08-12 12:25:15,529 [Worker-28: Building] INFO  o.e.m.c.i.embedder.EclipseLogger - skip non existing resourceDirectory C:\SSAFY\git\s03p13b303\backend\src\test\resources
2020-08-12 12:25:24,373 [Worker-33: Building] INFO  o.e.m.c.i.embedder.EclipseLogger - Using 'UTF-8' encoding to copy filtered resources.
2020-08-12 12:25:24,375 [Worker-33: Building] INFO  o.e.m.c.i.embedder.EclipseLogger - Copying 1 resource
2020-08-12 12:25:24,379 [Worker-33: Building] INFO  o.e.m.c.i.embedder.EclipseLogger - Copying 14 resources
2020-08-12 12:25:24,384 [Worker-33: Building] INFO  o.e.m.c.i.embedder.EclipseLogger - Using 'UTF-8' encoding to copy filtered resources.
2020-08-12 12:25:24,384 [Worker-33: Building] INFO  o.e.m.c.i.embedder.EclipseLogger - skip non existing resourceDirectory C:\SSAFY\git\s03p13b303\backend\src\test\resources
2020-08-12 12:26:41,301 [Worker-32: Building] INFO  o.e.m.c.i.embedder.EclipseLogger - Using 'UTF-8' encoding to copy filtered resources.
2020-08-12 12:26:41,304 [Worker-32: Building] INFO  o.e.m.c.i.embedder.EclipseLogger - Copying 1 resource
2020-08-12 12:26:41,307 [Worker-32: Building] INFO  o.e.m.c.i.embedder.EclipseLogger - Copying 14 resources
2020-08-12 12:26:41,311 [Worker-32: Building] INFO  o.e.m.c.i.embedder.EclipseLogger - Using 'UTF-8' encoding to copy filtered resources.
2020-08-12 12:26:41,311 [Worker-32: Building] INFO  o.e.m.c.i.embedder.EclipseLogger - skip non existing resourceDirectory C:\SSAFY\git\s03p13b303\backend\src\test\resources
2020-08-12 12:26:49,615 [Worker-33: Building] INFO  o.e.m.c.i.embedder.EclipseLogger - Using 'UTF-8' encoding to copy filtered resources.
2020-08-12 12:26:49,618 [Worker-33: Building] INFO  o.e.m.c.i.embedder.EclipseLogger - Copying 1 resource
2020-08-12 12:26:49,622 [Worker-33: Building] INFO  o.e.m.c.i.embedder.EclipseLogger - Copying 14 resources
2020-08-12 12:26:49,626 [Worker-33: Building] INFO  o.e.m.c.i.embedder.EclipseLogger - Using 'UTF-8' encoding to copy filtered resources.
2020-08-12 12:26:49,626 [Worker-33: Building] INFO  o.e.m.c.i.embedder.EclipseLogger - skip non existing resourceDirectory C:\SSAFY\git\s03p13b303\backend\src\test\resources
2020-08-12 12:28:36,427 [Worker-32: Building] INFO  o.e.m.c.i.embedder.EclipseLogger - Using 'UTF-8' encoding to copy filtered resources.
2020-08-12 12:28:36,430 [Worker-32: Building] INFO  o.e.m.c.i.embedder.EclipseLogger - Copying 1 resource
2020-08-12 12:28:36,435 [Worker-32: Building] INFO  o.e.m.c.i.embedder.EclipseLogger - Copying 14 resources
2020-08-12 12:28:36,438 [Worker-32: Building] INFO  o.e.m.c.i.embedder.EclipseLogger - Using 'UTF-8' encoding to copy filtered resources.
2020-08-12 12:28:36,438 [Worker-32: Building] INFO  o.e.m.c.i.embedder.EclipseLogger - skip non existing resourceDirectory C:\SSAFY\git\s03p13b303\backend\src\test\resources
2020-08-12 12:29:14,215 [Worker-28: Building] INFO  o.e.m.c.i.embedder.EclipseLogger - Using 'UTF-8' encoding to copy filtered resources.
2020-08-12 12:29:14,218 [Worker-28: Building] INFO  o.e.m.c.i.embedder.EclipseLogger - Copying 1 resource
2020-08-12 12:29:14,221 [Worker-28: Building] INFO  o.e.m.c.i.embedder.EclipseLogger - Copying 14 resources
2020-08-12 12:29:14,225 [Worker-28: Building] INFO  o.e.m.c.i.embedder.EclipseLogger - Using 'UTF-8' encoding to copy filtered resources.
2020-08-12 12:29:14,225 [Worker-28: Building] INFO  o.e.m.c.i.embedder.EclipseLogger - skip non existing resourceDirectory C:\SSAFY\git\s03p13b303\backend\src\test\resources
2020-08-12 12:30:11,382 [Worker-31: Building] INFO  o.e.m.c.i.embedder.EclipseLogger - Using 'UTF-8' encoding to copy filtered resources.
2020-08-12 12:30:11,385 [Worker-31: Building] INFO  o.e.m.c.i.embedder.EclipseLogger - Copying 1 resource
2020-08-12 12:30:11,389 [Worker-31: Building] INFO  o.e.m.c.i.embedder.EclipseLogger - Copying 14 resources
2020-08-12 12:30:11,393 [Worker-31: Building] INFO  o.e.m.c.i.embedder.EclipseLogger - Using 'UTF-8' encoding to copy filtered resources.
2020-08-12 12:30:11,393 [Worker-31: Building] INFO  o.e.m.c.i.embedder.EclipseLogger - skip non existing resourceDirectory C:\SSAFY\git\s03p13b303\backend\src\test\resources
2020-08-12 12:30:38,751 [Worker-32: Updating Maven Project] INFO  o.e.m.c.i.p.ProjectConfigurationManager - Update started
2020-08-12 12:30:39,333 [Worker-32: Updating Maven Project] INFO  o.e.m.c.i.l.LifecycleMappingFactory - Using org.eclipse.m2e.jdt.JarLifecycleMapping lifecycle mapping for MavenProject: com.web.curation:webcuration:0.0.1-SNAPSHOT @ C:\SSAFY\git\s03p13b303\backend\pom.xml.
2020-08-12 12:30:40,191 [Worker-32: Updating Maven Project] INFO  o.e.m.j.i.AbstractJavaProjectConfigurator - Adding source folder /backend/src/main/java
2020-08-12 12:30:40,191 [Worker-32: Updating Maven Project] INFO  o.e.m.j.i.AbstractJavaProjectConfigurator - Adding resource folder /backend/src/main/resources
2020-08-12 12:30:40,191 [Worker-32: Updating Maven Project] INFO  o.e.m.j.i.AbstractJavaProjectConfigurator - Adding resource folder /backend/src/main/resources
2020-08-12 12:30:40,192 [Worker-32: Updating Maven Project] INFO  o.e.m.j.i.AbstractJavaProjectConfigurator - Adding source folder /backend/src/test/java
2020-08-12 12:30:40,483 [Worker-32: Updating Maven Project] INFO  o.e.m.c.i.p.ProjectConfigurationManager - Update completed: 1 sec
2020-08-12 12:30:42,825 [Worker-34: Building] INFO  o.e.m.c.i.embedder.EclipseLogger - Using 'UTF-8' encoding to copy filtered resources.
2020-08-12 12:30:42,826 [Worker-34: Building] INFO  o.e.m.c.i.embedder.EclipseLogger - Copying 1 resource
2020-08-12 12:30:42,842 [Worker-34: Building] INFO  o.e.m.c.i.embedder.EclipseLogger - Copying 14 resources
2020-08-12 12:30:42,887 [Worker-34: Building] INFO  o.e.m.c.i.embedder.EclipseLogger - Using 'UTF-8' encoding to copy filtered resources.
2020-08-12 12:30:42,887 [Worker-34: Building] INFO  o.e.m.c.i.embedder.EclipseLogger - skip non existing resourceDirectory C:\SSAFY\git\s03p13b303\backend\src\test\resources
2020-08-12 12:30:50,802 [Worker-35: Building] INFO  o.e.m.c.i.embedder.EclipseLogger - Using 'UTF-8' encoding to copy filtered resources.
2020-08-12 12:30:50,806 [Worker-35: Building] INFO  o.e.m.c.i.embedder.EclipseLogger - Copying 1 resource
2020-08-12 12:30:50,810 [Worker-35: Building] INFO  o.e.m.c.i.embedder.EclipseLogger - Copying 14 resources
2020-08-12 12:30:50,813 [Worker-35: Building] INFO  o.e.m.c.i.embedder.EclipseLogger - Using 'UTF-8' encoding to copy filtered resources.
2020-08-12 12:30:50,814 [Worker-35: Building] INFO  o.e.m.c.i.embedder.EclipseLogger - skip non existing resourceDirectory C:\SSAFY\git\s03p13b303\backend\src\test\resources
2020-08-12 12:31:53,978 [Worker-6: Loading available Gradle versions] INFO  o.e.b.c.i.u.g.PublishedGradleVersions - Gradle version information cache is up-to-date. Trying to read.
2020-08-12 12:37:51,460 [Worker-17: Building] INFO  o.e.m.c.i.embedder.EclipseLogger - Using 'UTF-8' encoding to copy filtered resources.
2020-08-12 12:37:51,472 [Worker-17: Building] INFO  o.e.m.c.i.embedder.EclipseLogger - Copying 1 resource
2020-08-12 12:37:51,496 [Worker-17: Building] INFO  o.e.m.c.i.embedder.EclipseLogger - Copying 14 resources
2020-08-12 12:37:51,502 [Worker-17: Building] INFO  o.e.m.c.i.embedder.EclipseLogger - Using 'UTF-8' encoding to copy filtered resources.
2020-08-12 12:37:51,503 [Worker-17: Building] INFO  o.e.m.c.i.embedder.EclipseLogger - skip non existing resourceDirectory C:\SSAFY\git\s03p13b303\backend\src\test\resources
2020-08-12 13:39:15,351 [Worker-40: Building] INFO  o.e.m.c.i.embedder.EclipseLogger - Using 'UTF-8' encoding to copy filtered resources.
2020-08-12 13:39:15,357 [Worker-40: Building] INFO  o.e.m.c.i.embedder.EclipseLogger - Copying 1 resource
2020-08-12 13:39:15,360 [Worker-40: Building] INFO  o.e.m.c.i.embedder.EclipseLogger - Copying 14 resources
2020-08-12 13:39:15,366 [Worker-40: Building] INFO  o.e.m.c.i.embedder.EclipseLogger - Using 'UTF-8' encoding to copy filtered resources.
2020-08-12 13:39:15,366 [Worker-40: Building] INFO  o.e.m.c.i.embedder.EclipseLogger - skip non existing resourceDirectory C:\SSAFY\git\s03p13b303\backend\src\test\resources
2020-08-12 13:43:26,303 [Worker-41: Building] INFO  o.e.m.c.i.embedder.EclipseLogger - Using 'UTF-8' encoding to copy filtered resources.
2020-08-12 13:43:26,308 [Worker-41: Building] INFO  o.e.m.c.i.embedder.EclipseLogger - Copying 1 resource
2020-08-12 13:43:26,313 [Worker-41: Building] INFO  o.e.m.c.i.embedder.EclipseLogger - Copying 14 resources
2020-08-12 13:43:26,318 [Worker-41: Building] INFO  o.e.m.c.i.embedder.EclipseLogger - Using 'UTF-8' encoding to copy filtered resources.
2020-08-12 13:43:26,318 [Worker-41: Building] INFO  o.e.m.c.i.embedder.EclipseLogger - skip non existing resourceDirectory C:\SSAFY\git\s03p13b303\backend\src\test\resources
2020-08-12 13:43:27,500 [Worker-38: Building] INFO  o.e.m.c.i.embedder.EclipseLogger - Using 'UTF-8' encoding to copy filtered resources.
2020-08-12 13:43:27,503 [Worker-38: Building] INFO  o.e.m.c.i.embedder.EclipseLogger - Copying 1 resource
2020-08-12 13:43:27,507 [Worker-38: Building] INFO  o.e.m.c.i.embedder.EclipseLogger - Copying 14 resources
2020-08-12 13:43:27,511 [Worker-38: Building] INFO  o.e.m.c.i.embedder.EclipseLogger - Using 'UTF-8' encoding to copy filtered resources.
2020-08-12 13:43:27,511 [Worker-38: Building] INFO  o.e.m.c.i.embedder.EclipseLogger - skip non existing resourceDirectory C:\SSAFY\git\s03p13b303\backend\src\test\resources
2020-08-12 13:44:50,988 [Worker-43: Building] INFO  o.e.m.c.i.embedder.EclipseLogger - Using 'UTF-8' encoding to copy filtered resources.
2020-08-12 13:44:50,990 [Worker-43: Building] INFO  o.e.m.c.i.embedder.EclipseLogger - Copying 1 resource
2020-08-12 13:44:50,992 [Worker-43: Building] INFO  o.e.m.c.i.embedder.EclipseLogger - Copying 14 resources
2020-08-12 13:44:50,995 [Worker-43: Building] INFO  o.e.m.c.i.embedder.EclipseLogger - Using 'UTF-8' encoding to copy filtered resources.
2020-08-12 13:44:50,996 [Worker-43: Building] INFO  o.e.m.c.i.embedder.EclipseLogger - skip non existing resourceDirectory C:\SSAFY\git\s03p13b303\backend\src\test\resources
2020-08-12 13:44:56,698 [Worker-34: Building] INFO  o.e.m.c.i.embedder.EclipseLogger - Using 'UTF-8' encoding to copy filtered resources.
2020-08-12 13:44:56,701 [Worker-34: Building] INFO  o.e.m.c.i.embedder.EclipseLogger - Copying 1 resource
2020-08-12 13:44:56,706 [Worker-34: Building] INFO  o.e.m.c.i.embedder.EclipseLogger - Copying 14 resources
2020-08-12 13:44:56,710 [Worker-34: Building] INFO  o.e.m.c.i.embedder.EclipseLogger - Using 'UTF-8' encoding to copy filtered resources.
2020-08-12 13:44:56,710 [Worker-34: Building] INFO  o.e.m.c.i.embedder.EclipseLogger - skip non existing resourceDirectory C:\SSAFY\git\s03p13b303\backend\src\test\resources
2020-08-12 13:44:59,523 [Worker-38: Building] INFO  o.e.m.c.i.embedder.EclipseLogger - Using 'UTF-8' encoding to copy filtered resources.
2020-08-12 13:44:59,525 [Worker-38: Building] INFO  o.e.m.c.i.embedder.EclipseLogger - Copying 1 resource
2020-08-12 13:44:59,528 [Worker-38: Building] INFO  o.e.m.c.i.embedder.EclipseLogger - Copying 14 resources
2020-08-12 13:44:59,531 [Worker-38: Building] INFO  o.e.m.c.i.embedder.EclipseLogger - Using 'UTF-8' encoding to copy filtered resources.
2020-08-12 13:44:59,531 [Worker-38: Building] INFO  o.e.m.c.i.embedder.EclipseLogger - skip non existing resourceDirectory C:\SSAFY\git\s03p13b303\backend\src\test\resources
2020-08-12 13:47:25,694 [Worker-42: Building] INFO  o.e.m.c.i.embedder.EclipseLogger - Using 'UTF-8' encoding to copy filtered resources.
2020-08-12 13:47:25,697 [Worker-42: Building] INFO  o.e.m.c.i.embedder.EclipseLogger - Copying 1 resource
2020-08-12 13:47:25,701 [Worker-42: Building] INFO  o.e.m.c.i.embedder.EclipseLogger - Copying 14 resources
2020-08-12 13:47:25,704 [Worker-42: Building] INFO  o.e.m.c.i.embedder.EclipseLogger - Using 'UTF-8' encoding to copy filtered resources.
2020-08-12 13:47:25,704 [Worker-42: Building] INFO  o.e.m.c.i.embedder.EclipseLogger - skip non existing resourceDirectory C:\SSAFY\git\s03p13b303\backend\src\test\resources
2020-08-12 13:47:51,466 [Worker-44: Building] INFO  o.e.m.c.i.embedder.EclipseLogger - Using 'UTF-8' encoding to copy filtered resources.
2020-08-12 13:47:51,468 [Worker-44: Building] INFO  o.e.m.c.i.embedder.EclipseLogger - Copying 1 resource
2020-08-12 13:47:51,471 [Worker-44: Building] INFO  o.e.m.c.i.embedder.EclipseLogger - Copying 14 resources
2020-08-12 13:47:51,474 [Worker-44: Building] INFO  o.e.m.c.i.embedder.EclipseLogger - Using 'UTF-8' encoding to copy filtered resources.
2020-08-12 13:47:51,475 [Worker-44: Building] INFO  o.e.m.c.i.embedder.EclipseLogger - skip non existing resourceDirectory C:\SSAFY\git\s03p13b303\backend\src\test\resources
2020-08-12 13:49:29,621 [Worker-34: Building] INFO  o.e.m.c.i.embedder.EclipseLogger - Using 'UTF-8' encoding to copy filtered resources.
2020-08-12 13:49:29,623 [Worker-34: Building] INFO  o.e.m.c.i.embedder.EclipseLogger - Copying 1 resource
2020-08-12 13:49:29,625 [Worker-34: Building] INFO  o.e.m.c.i.embedder.EclipseLogger - Copying 14 resources
2020-08-12 13:49:29,628 [Worker-34: Building] INFO  o.e.m.c.i.embedder.EclipseLogger - Using 'UTF-8' encoding to copy filtered resources.
2020-08-12 13:49:29,628 [Worker-34: Building] INFO  o.e.m.c.i.embedder.EclipseLogger - skip non existing resourceDirectory C:\SSAFY\git\s03p13b303\backend\src\test\resources
2020-08-12 13:49:48,193 [Worker-34: Building] INFO  o.e.m.c.i.embedder.EclipseLogger - Using 'UTF-8' encoding to copy filtered resources.
2020-08-12 13:49:48,195 [Worker-34: Building] INFO  o.e.m.c.i.embedder.EclipseLogger - Copying 1 resource
2020-08-12 13:49:48,197 [Worker-34: Building] INFO  o.e.m.c.i.embedder.EclipseLogger - Copying 14 resources
2020-08-12 13:49:48,200 [Worker-34: Building] INFO  o.e.m.c.i.embedder.EclipseLogger - Using 'UTF-8' encoding to copy filtered resources.
2020-08-12 13:49:48,201 [Worker-34: Building] INFO  o.e.m.c.i.embedder.EclipseLogger - skip non existing resourceDirectory C:\SSAFY\git\s03p13b303\backend\src\test\resources
2020-08-12 13:50:18,169 [Worker-44: Building] INFO  o.e.m.c.i.embedder.EclipseLogger - Using 'UTF-8' encoding to copy filtered resources.
2020-08-12 13:50:18,171 [Worker-44: Building] INFO  o.e.m.c.i.embedder.EclipseLogger - Copying 1 resource
2020-08-12 13:50:18,174 [Worker-44: Building] INFO  o.e.m.c.i.embedder.EclipseLogger - Copying 14 resources
2020-08-12 13:50:18,177 [Worker-44: Building] INFO  o.e.m.c.i.embedder.EclipseLogger - Using 'UTF-8' encoding to copy filtered resources.
2020-08-12 13:50:18,177 [Worker-44: Building] INFO  o.e.m.c.i.embedder.EclipseLogger - skip non existing resourceDirectory C:\SSAFY\git\s03p13b303\backend\src\test\resources
2020-08-12 13:50:31,642 [Worker-43: Building] INFO  o.e.m.c.i.embedder.EclipseLogger - Using 'UTF-8' encoding to copy filtered resources.
2020-08-12 13:50:31,644 [Worker-43: Building] INFO  o.e.m.c.i.embedder.EclipseLogger - Copying 1 resource
2020-08-12 13:50:31,647 [Worker-43: Building] INFO  o.e.m.c.i.embedder.EclipseLogger - Copying 14 resources
2020-08-12 13:50:31,650 [Worker-43: Building] INFO  o.e.m.c.i.embedder.EclipseLogger - Using 'UTF-8' encoding to copy filtered resources.
2020-08-12 13:50:31,650 [Worker-43: Building] INFO  o.e.m.c.i.embedder.EclipseLogger - skip non existing resourceDirectory C:\SSAFY\git\s03p13b303\backend\src\test\resources
2020-08-12 13:51:00,888 [Worker-43: Building] INFO  o.e.m.c.i.embedder.EclipseLogger - Using 'UTF-8' encoding to copy filtered resources.
2020-08-12 13:51:00,891 [Worker-43: Building] INFO  o.e.m.c.i.embedder.EclipseLogger - Copying 1 resource
2020-08-12 13:51:00,894 [Worker-43: Building] INFO  o.e.m.c.i.embedder.EclipseLogger - Copying 14 resources
2020-08-12 13:51:00,898 [Worker-43: Building] INFO  o.e.m.c.i.embedder.EclipseLogger - Using 'UTF-8' encoding to copy filtered resources.
2020-08-12 13:51:00,898 [Worker-43: Building] INFO  o.e.m.c.i.embedder.EclipseLogger - skip non existing resourceDirectory C:\SSAFY\git\s03p13b303\backend\src\test\resources
2020-08-12 13:59:58,176 [Worker-47: Building] INFO  o.e.m.c.i.embedder.EclipseLogger - Using 'UTF-8' encoding to copy filtered resources.
2020-08-12 13:59:58,178 [Worker-47: Building] INFO  o.e.m.c.i.embedder.EclipseLogger - Copying 1 resource
2020-08-12 13:59:58,181 [Worker-47: Building] INFO  o.e.m.c.i.embedder.EclipseLogger - Copying 14 resources
2020-08-12 13:59:58,183 [Worker-47: Building] INFO  o.e.m.c.i.embedder.EclipseLogger - Using 'UTF-8' encoding to copy filtered resources.
2020-08-12 13:59:58,183 [Worker-47: Building] INFO  o.e.m.c.i.embedder.EclipseLogger - skip non existing resourceDirectory C:\SSAFY\git\s03p13b303\backend\src\test\resources
2020-08-12 14:00:08,788 [Worker-46: Building] INFO  o.e.m.c.i.embedder.EclipseLogger - Using 'UTF-8' encoding to copy filtered resources.
2020-08-12 14:00:08,790 [Worker-46: Building] INFO  o.e.m.c.i.embedder.EclipseLogger - Copying 1 resource
2020-08-12 14:00:08,793 [Worker-46: Building] INFO  o.e.m.c.i.embedder.EclipseLogger - Copying 14 resources
2020-08-12 14:00:08,796 [Worker-46: Building] INFO  o.e.m.c.i.embedder.EclipseLogger - Using 'UTF-8' encoding to copy filtered resources.
2020-08-12 14:00:08,796 [Worker-46: Building] INFO  o.e.m.c.i.embedder.EclipseLogger - skip non existing resourceDirectory C:\SSAFY\git\s03p13b303\backend\src\test\resources
2020-08-12 14:00:23,123 [Worker-52: Building] INFO  o.e.m.c.i.embedder.EclipseLogger - Using 'UTF-8' encoding to copy filtered resources.
2020-08-12 14:00:23,125 [Worker-52: Building] INFO  o.e.m.c.i.embedder.EclipseLogger - Copying 1 resource
2020-08-12 14:00:23,127 [Worker-52: Building] INFO  o.e.m.c.i.embedder.EclipseLogger - Copying 14 resources
2020-08-12 14:00:23,132 [Worker-52: Building] INFO  o.e.m.c.i.embedder.EclipseLogger - Using 'UTF-8' encoding to copy filtered resources.
2020-08-12 14:00:23,132 [Worker-52: Building] INFO  o.e.m.c.i.embedder.EclipseLogger - skip non existing resourceDirectory C:\SSAFY\git\s03p13b303\backend\src\test\resources
2020-08-12 14:00:27,009 [Worker-49: Building] INFO  o.e.m.c.i.embedder.EclipseLogger - Using 'UTF-8' encoding to copy filtered resources.
2020-08-12 14:00:27,011 [Worker-49: Building] INFO  o.e.m.c.i.embedder.EclipseLogger - Copying 1 resource
2020-08-12 14:00:27,013 [Worker-49: Building] INFO  o.e.m.c.i.embedder.EclipseLogger - Copying 14 resources
2020-08-12 14:00:27,016 [Worker-49: Building] INFO  o.e.m.c.i.embedder.EclipseLogger - Using 'UTF-8' encoding to copy filtered resources.
2020-08-12 14:00:27,016 [Worker-49: Building] INFO  o.e.m.c.i.embedder.EclipseLogger - skip non existing resourceDirectory C:\SSAFY\git\s03p13b303\backend\src\test\resources
2020-08-12 14:00:49,521 [Worker-46: Building] INFO  o.e.m.c.i.embedder.EclipseLogger - Using 'UTF-8' encoding to copy filtered resources.
2020-08-12 14:00:49,523 [Worker-46: Building] INFO  o.e.m.c.i.embedder.EclipseLogger - Copying 1 resource
2020-08-12 14:00:49,526 [Worker-46: Building] INFO  o.e.m.c.i.embedder.EclipseLogger - Copying 14 resources
2020-08-12 14:00:49,529 [Worker-46: Building] INFO  o.e.m.c.i.embedder.EclipseLogger - Using 'UTF-8' encoding to copy filtered resources.
2020-08-12 14:00:49,529 [Worker-46: Building] INFO  o.e.m.c.i.embedder.EclipseLogger - skip non existing resourceDirectory C:\SSAFY\git\s03p13b303\backend\src\test\resources
2020-08-12 14:34:52,134 [Worker-56: Building] INFO  o.e.m.c.i.embedder.EclipseLogger - Using 'UTF-8' encoding to copy filtered resources.
2020-08-12 14:34:52,138 [Worker-56: Building] INFO  o.e.m.c.i.embedder.EclipseLogger - Copying 1 resource
2020-08-12 14:34:52,142 [Worker-56: Building] INFO  o.e.m.c.i.embedder.EclipseLogger - Copying 14 resources
2020-08-12 14:34:52,146 [Worker-56: Building] INFO  o.e.m.c.i.embedder.EclipseLogger - Using 'UTF-8' encoding to copy filtered resources.
2020-08-12 14:34:52,146 [Worker-56: Building] INFO  o.e.m.c.i.embedder.EclipseLogger - skip non existing resourceDirectory C:\SSAFY\git\s03p13b303\backend\src\test\resources
2020-08-12 15:05:19,656 [Worker-1: Loading available Gradle versions] INFO  o.e.b.c.i.u.g.PublishedGradleVersions - Gradle version information cache is up-to-date. Trying to read.
2020-08-12 15:05:41,142 [Worker-2: Building] INFO  o.e.m.c.i.l.LifecycleMappingFactory - Using org.eclipse.m2e.jdt.JarLifecycleMapping lifecycle mapping for MavenProject: com.web.curation:webcuration:0.0.1-SNAPSHOT @ C:\SSAFY\git\s03p13b303\backend\pom.xml.
2020-08-12 15:05:45,212 [Worker-2: Building] INFO  o.e.m.c.i.embedder.EclipseLogger - Using 'UTF-8' encoding to copy filtered resources.
2020-08-12 15:05:45,219 [Worker-2: Building] INFO  o.e.m.c.i.embedder.EclipseLogger - Copying 1 resource
2020-08-12 15:05:45,246 [Worker-2: Building] INFO  o.e.m.c.i.embedder.EclipseLogger - Copying 14 resources
2020-08-12 15:05:45,312 [Worker-2: Building] INFO  o.e.m.c.i.embedder.EclipseLogger - Using 'UTF-8' encoding to copy filtered resources.
2020-08-12 15:05:45,312 [Worker-2: Building] INFO  o.e.m.c.i.embedder.EclipseLogger - skip non existing resourceDirectory C:\SSAFY\git\s03p13b303\backend\src\test\resources
2020-08-13 09:19:19,881 [Worker-1: Loading available Gradle versions] INFO  o.e.b.c.i.u.g.PublishedGradleVersions - Gradle version information cache is up-to-date. Trying to read.
2020-08-13 09:20:39,986 [Worker-14: Building] INFO  o.e.m.c.i.embedder.EclipseLogger - Using 'UTF-8' encoding to copy filtered resources.
2020-08-13 09:20:39,995 [Worker-14: Building] INFO  o.e.m.c.i.embedder.EclipseLogger - Copying 1 resource
2020-08-13 09:20:40,023 [Worker-14: Building] INFO  o.e.m.c.i.embedder.EclipseLogger - Copying 18 resources
2020-08-13 09:20:40,043 [Worker-14: Building] INFO  o.e.m.c.i.embedder.EclipseLogger - Using 'UTF-8' encoding to copy filtered resources.
2020-08-13 09:20:40,043 [Worker-14: Building] INFO  o.e.m.c.i.embedder.EclipseLogger - skip non existing resourceDirectory C:\SSAFY\git\s03p13b303\backend\src\test\resources
2020-08-13 09:21:37,426 [Worker-16: Building] INFO  o.e.m.c.i.embedder.EclipseLogger - Using 'UTF-8' encoding to copy filtered resources.
2020-08-13 09:21:37,436 [Worker-16: Building] INFO  o.e.m.c.i.embedder.EclipseLogger - Copying 1 resource
2020-08-13 09:21:37,442 [Worker-16: Building] INFO  o.e.m.c.i.embedder.EclipseLogger - Copying 18 resources
2020-08-13 09:21:37,447 [Worker-16: Building] INFO  o.e.m.c.i.embedder.EclipseLogger - Using 'UTF-8' encoding to copy filtered resources.
2020-08-13 09:21:37,448 [Worker-16: Building] INFO  o.e.m.c.i.embedder.EclipseLogger - skip non existing resourceDirectory C:\SSAFY\git\s03p13b303\backend\src\test\resources
2020-08-13 09:21:51,297 [Worker-12: Building] INFO  o.e.m.c.i.embedder.EclipseLogger - Using 'UTF-8' encoding to copy filtered resources.
2020-08-13 09:21:51,303 [Worker-12: Building] INFO  o.e.m.c.i.embedder.EclipseLogger - Copying 1 resource
2020-08-13 09:21:51,313 [Worker-12: Building] INFO  o.e.m.c.i.embedder.EclipseLogger - Copying 18 resources
2020-08-13 09:21:51,322 [Worker-12: Building] INFO  o.e.m.c.i.embedder.EclipseLogger - Using 'UTF-8' encoding to copy filtered resources.
2020-08-13 09:21:51,322 [Worker-12: Building] INFO  o.e.m.c.i.embedder.EclipseLogger - skip non existing resourceDirectory C:\SSAFY\git\s03p13b303\backend\src\test\resources
2020-08-13 09:23:14,446 [Worker-1: Building] INFO  o.e.m.c.i.embedder.EclipseLogger - Using 'UTF-8' encoding to copy filtered resources.
2020-08-13 09:23:14,450 [Worker-1: Building] INFO  o.e.m.c.i.embedder.EclipseLogger - Copying 1 resource
2020-08-13 09:23:14,456 [Worker-1: Building] INFO  o.e.m.c.i.embedder.EclipseLogger - Copying 18 resources
2020-08-13 09:23:14,462 [Worker-1: Building] INFO  o.e.m.c.i.embedder.EclipseLogger - Using 'UTF-8' encoding to copy filtered resources.
2020-08-13 09:23:14,462 [Worker-1: Building] INFO  o.e.m.c.i.embedder.EclipseLogger - skip non existing resourceDirectory C:\SSAFY\git\s03p13b303\backend\src\test\resources
2020-08-13 09:23:30,143 [Worker-14: Building] INFO  o.e.m.c.i.embedder.EclipseLogger - Using 'UTF-8' encoding to copy filtered resources.
2020-08-13 09:23:30,154 [Worker-14: Building] INFO  o.e.m.c.i.embedder.EclipseLogger - Copying 1 resource
2020-08-13 09:23:30,168 [Worker-14: Building] INFO  o.e.m.c.i.embedder.EclipseLogger - Copying 18 resources
2020-08-13 09:23:30,182 [Worker-14: Building] INFO  o.e.m.c.i.embedder.EclipseLogger - Using 'UTF-8' encoding to copy filtered resources.
2020-08-13 09:23:30,183 [Worker-14: Building] INFO  o.e.m.c.i.embedder.EclipseLogger - skip non existing resourceDirectory C:\SSAFY\git\s03p13b303\backend\src\test\resources
2020-08-13 09:23:39,712 [Worker-5: Building] INFO  o.e.m.c.i.embedder.EclipseLogger - Using 'UTF-8' encoding to copy filtered resources.
2020-08-13 09:23:39,719 [Worker-5: Building] INFO  o.e.m.c.i.embedder.EclipseLogger - Copying 1 resource
2020-08-13 09:23:39,728 [Worker-5: Building] INFO  o.e.m.c.i.embedder.EclipseLogger - Copying 18 resources
2020-08-13 09:23:39,736 [Worker-5: Building] INFO  o.e.m.c.i.embedder.EclipseLogger - Using 'UTF-8' encoding to copy filtered resources.
2020-08-13 09:23:39,736 [Worker-5: Building] INFO  o.e.m.c.i.embedder.EclipseLogger - skip non existing resourceDirectory C:\SSAFY\git\s03p13b303\backend\src\test\resources
2020-08-13 09:23:49,532 [Worker-12: Building] INFO  o.e.m.c.i.embedder.EclipseLogger - Using 'UTF-8' encoding to copy filtered resources.
2020-08-13 09:23:49,543 [Worker-12: Building] INFO  o.e.m.c.i.embedder.EclipseLogger - Copying 1 resource
2020-08-13 09:23:49,552 [Worker-12: Building] INFO  o.e.m.c.i.embedder.EclipseLogger - Copying 18 resources
2020-08-13 09:23:49,559 [Worker-12: Building] INFO  o.e.m.c.i.embedder.EclipseLogger - Using 'UTF-8' encoding to copy filtered resources.
2020-08-13 09:23:49,559 [Worker-12: Building] INFO  o.e.m.c.i.embedder.EclipseLogger - skip non existing resourceDirectory C:\SSAFY\git\s03p13b303\backend\src\test\resources
2020-08-13 09:24:13,616 [Worker-1: Building] INFO  o.e.m.c.i.embedder.EclipseLogger - Using 'UTF-8' encoding to copy filtered resources.
2020-08-13 09:24:13,620 [Worker-1: Building] INFO  o.e.m.c.i.embedder.EclipseLogger - Copying 1 resource
2020-08-13 09:24:13,625 [Worker-1: Building] INFO  o.e.m.c.i.embedder.EclipseLogger - Copying 18 resources
2020-08-13 09:24:13,631 [Worker-1: Building] INFO  o.e.m.c.i.embedder.EclipseLogger - Using 'UTF-8' encoding to copy filtered resources.
2020-08-13 09:24:13,632 [Worker-1: Building] INFO  o.e.m.c.i.embedder.EclipseLogger - skip non existing resourceDirectory C:\SSAFY\git\s03p13b303\backend\src\test\resources
2020-08-13 09:24:46,360 [Worker-1: Building] INFO  o.e.m.c.i.embedder.EclipseLogger - Using 'UTF-8' encoding to copy filtered resources.
2020-08-13 09:24:46,365 [Worker-1: Building] INFO  o.e.m.c.i.embedder.EclipseLogger - Copying 1 resource
2020-08-13 09:24:46,369 [Worker-1: Building] INFO  o.e.m.c.i.embedder.EclipseLogger - Copying 18 resources
2020-08-13 09:24:46,374 [Worker-1: Building] INFO  o.e.m.c.i.embedder.EclipseLogger - Using 'UTF-8' encoding to copy filtered resources.
2020-08-13 09:24:46,374 [Worker-1: Building] INFO  o.e.m.c.i.embedder.EclipseLogger - skip non existing resourceDirectory C:\SSAFY\git\s03p13b303\backend\src\test\resources
2020-08-13 09:25:09,447 [Worker-5: Building] INFO  o.e.m.c.i.embedder.EclipseLogger - Using 'UTF-8' encoding to copy filtered resources.
2020-08-13 09:25:09,451 [Worker-5: Building] INFO  o.e.m.c.i.embedder.EclipseLogger - Copying 1 resource
2020-08-13 09:25:09,456 [Worker-5: Building] INFO  o.e.m.c.i.embedder.EclipseLogger - Copying 18 resources
2020-08-13 09:25:09,460 [Worker-5: Building] INFO  o.e.m.c.i.embedder.EclipseLogger - Using 'UTF-8' encoding to copy filtered resources.
2020-08-13 09:25:09,461 [Worker-5: Building] INFO  o.e.m.c.i.embedder.EclipseLogger - skip non existing resourceDirectory C:\SSAFY\git\s03p13b303\backend\src\test\resources
2020-08-13 09:25:53,286 [Worker-14: Building] INFO  o.e.m.c.i.embedder.EclipseLogger - Using 'UTF-8' encoding to copy filtered resources.
2020-08-13 09:25:53,290 [Worker-14: Building] INFO  o.e.m.c.i.embedder.EclipseLogger - Copying 1 resource
2020-08-13 09:25:53,295 [Worker-14: Building] INFO  o.e.m.c.i.embedder.EclipseLogger - Copying 18 resources
2020-08-13 09:25:53,300 [Worker-14: Building] INFO  o.e.m.c.i.embedder.EclipseLogger - Using 'UTF-8' encoding to copy filtered resources.
2020-08-13 09:25:53,300 [Worker-14: Building] INFO  o.e.m.c.i.embedder.EclipseLogger - skip non existing resourceDirectory C:\SSAFY\git\s03p13b303\backend\src\test\resources
2020-08-13 09:25:55,560 [Worker-1: Building] INFO  o.e.m.c.i.embedder.EclipseLogger - Using 'UTF-8' encoding to copy filtered resources.
2020-08-13 09:25:55,566 [Worker-1: Building] INFO  o.e.m.c.i.embedder.EclipseLogger - Copying 1 resource
2020-08-13 09:25:55,574 [Worker-1: Building] INFO  o.e.m.c.i.embedder.EclipseLogger - Copying 18 resources
2020-08-13 09:25:55,582 [Worker-1: Building] INFO  o.e.m.c.i.embedder.EclipseLogger - Using 'UTF-8' encoding to copy filtered resources.
2020-08-13 09:25:55,582 [Worker-1: Building] INFO  o.e.m.c.i.embedder.EclipseLogger - skip non existing resourceDirectory C:\SSAFY\git\s03p13b303\backend\src\test\resources
2020-08-13 09:26:03,166 [Worker-5: Building] INFO  o.e.m.c.i.embedder.EclipseLogger - Using 'UTF-8' encoding to copy filtered resources.
2020-08-13 09:26:03,169 [Worker-5: Building] INFO  o.e.m.c.i.embedder.EclipseLogger - Copying 1 resource
2020-08-13 09:26:03,173 [Worker-5: Building] INFO  o.e.m.c.i.embedder.EclipseLogger - Copying 18 resources
2020-08-13 09:26:03,178 [Worker-5: Building] INFO  o.e.m.c.i.embedder.EclipseLogger - Using 'UTF-8' encoding to copy filtered resources.
2020-08-13 09:26:03,178 [Worker-5: Building] INFO  o.e.m.c.i.embedder.EclipseLogger - skip non existing resourceDirectory C:\SSAFY\git\s03p13b303\backend\src\test\resources
2020-08-13 09:26:15,497 [Worker-14: Building] INFO  o.e.m.c.i.embedder.EclipseLogger - Using 'UTF-8' encoding to copy filtered resources.
2020-08-13 09:26:15,501 [Worker-14: Building] INFO  o.e.m.c.i.embedder.EclipseLogger - Copying 1 resource
2020-08-13 09:26:15,505 [Worker-14: Building] INFO  o.e.m.c.i.embedder.EclipseLogger - Copying 18 resources
2020-08-13 09:26:15,509 [Worker-14: Building] INFO  o.e.m.c.i.embedder.EclipseLogger - Using 'UTF-8' encoding to copy filtered resources.
2020-08-13 09:26:15,510 [Worker-14: Building] INFO  o.e.m.c.i.embedder.EclipseLogger - skip non existing resourceDirectory C:\SSAFY\git\s03p13b303\backend\src\test\resources
2020-08-13 09:26:27,541 [Worker-12: Building] INFO  o.e.m.c.i.embedder.EclipseLogger - Using 'UTF-8' encoding to copy filtered resources.
2020-08-13 09:26:27,545 [Worker-12: Building] INFO  o.e.m.c.i.embedder.EclipseLogger - Copying 1 resource
2020-08-13 09:26:27,549 [Worker-12: Building] INFO  o.e.m.c.i.embedder.EclipseLogger - Copying 18 resources
2020-08-13 09:26:27,555 [Worker-12: Building] INFO  o.e.m.c.i.embedder.EclipseLogger - Using 'UTF-8' encoding to copy filtered resources.
2020-08-13 09:26:27,555 [Worker-12: Building] INFO  o.e.m.c.i.embedder.EclipseLogger - skip non existing resourceDirectory C:\SSAFY\git\s03p13b303\backend\src\test\resources
2020-08-13 09:26:35,101 [Worker-8: Building] INFO  o.e.m.c.i.embedder.EclipseLogger - Using 'UTF-8' encoding to copy filtered resources.
2020-08-13 09:26:35,105 [Worker-8: Building] INFO  o.e.m.c.i.embedder.EclipseLogger - Copying 1 resource
2020-08-13 09:26:35,109 [Worker-8: Building] INFO  o.e.m.c.i.embedder.EclipseLogger - Copying 18 resources
2020-08-13 09:26:35,115 [Worker-8: Building] INFO  o.e.m.c.i.embedder.EclipseLogger - Using 'UTF-8' encoding to copy filtered resources.
2020-08-13 09:26:35,115 [Worker-8: Building] INFO  o.e.m.c.i.embedder.EclipseLogger - skip non existing resourceDirectory C:\SSAFY\git\s03p13b303\backend\src\test\resources
2020-08-13 09:26:38,911 [Worker-5: Building] INFO  o.e.m.c.i.embedder.EclipseLogger - Using 'UTF-8' encoding to copy filtered resources.
2020-08-13 09:26:38,915 [Worker-5: Building] INFO  o.e.m.c.i.embedder.EclipseLogger - Copying 1 resource
2020-08-13 09:26:38,919 [Worker-5: Building] INFO  o.e.m.c.i.embedder.EclipseLogger - Copying 18 resources
2020-08-13 09:26:38,923 [Worker-5: Building] INFO  o.e.m.c.i.embedder.EclipseLogger - Using 'UTF-8' encoding to copy filtered resources.
2020-08-13 09:26:38,923 [Worker-5: Building] INFO  o.e.m.c.i.embedder.EclipseLogger - skip non existing resourceDirectory C:\SSAFY\git\s03p13b303\backend\src\test\resources
2020-08-13 09:26:54,111 [Worker-5: Building] INFO  o.e.m.c.i.embedder.EclipseLogger - Using 'UTF-8' encoding to copy filtered resources.
2020-08-13 09:26:54,119 [Worker-5: Building] INFO  o.e.m.c.i.embedder.EclipseLogger - Copying 1 resource
2020-08-13 09:26:54,125 [Worker-5: Building] INFO  o.e.m.c.i.embedder.EclipseLogger - Copying 18 resources
2020-08-13 09:26:54,130 [Worker-5: Building] INFO  o.e.m.c.i.embedder.EclipseLogger - Using 'UTF-8' encoding to copy filtered resources.
2020-08-13 09:26:54,130 [Worker-5: Building] INFO  o.e.m.c.i.embedder.EclipseLogger - skip non existing resourceDirectory C:\SSAFY\git\s03p13b303\backend\src\test\resources
2020-08-13 09:27:08,299 [Worker-5: Building] INFO  o.e.m.c.i.embedder.EclipseLogger - Using 'UTF-8' encoding to copy filtered resources.
2020-08-13 09:27:08,302 [Worker-5: Building] INFO  o.e.m.c.i.embedder.EclipseLogger - Copying 1 resource
2020-08-13 09:27:08,306 [Worker-5: Building] INFO  o.e.m.c.i.embedder.EclipseLogger - Copying 18 resources
2020-08-13 09:27:08,312 [Worker-5: Building] INFO  o.e.m.c.i.embedder.EclipseLogger - Using 'UTF-8' encoding to copy filtered resources.
2020-08-13 09:27:08,312 [Worker-5: Building] INFO  o.e.m.c.i.embedder.EclipseLogger - skip non existing resourceDirectory C:\SSAFY\git\s03p13b303\backend\src\test\resources
2020-08-13 09:27:09,749 [Worker-15: Building] INFO  o.e.m.c.i.embedder.EclipseLogger - Using 'UTF-8' encoding to copy filtered resources.
2020-08-13 09:27:09,752 [Worker-15: Building] INFO  o.e.m.c.i.embedder.EclipseLogger - Copying 1 resource
2020-08-13 09:27:09,756 [Worker-15: Building] INFO  o.e.m.c.i.embedder.EclipseLogger - Copying 18 resources
2020-08-13 09:27:09,760 [Worker-15: Building] INFO  o.e.m.c.i.embedder.EclipseLogger - Using 'UTF-8' encoding to copy filtered resources.
2020-08-13 09:27:09,760 [Worker-15: Building] INFO  o.e.m.c.i.embedder.EclipseLogger - skip non existing resourceDirectory C:\SSAFY\git\s03p13b303\backend\src\test\resources
2020-08-13 09:27:27,660 [Worker-5: Building] INFO  o.e.m.c.i.embedder.EclipseLogger - Using 'UTF-8' encoding to copy filtered resources.
2020-08-13 09:27:27,664 [Worker-5: Building] INFO  o.e.m.c.i.embedder.EclipseLogger - Copying 1 resource
2020-08-13 09:27:27,669 [Worker-5: Building] INFO  o.e.m.c.i.embedder.EclipseLogger - Copying 18 resources
2020-08-13 09:27:27,674 [Worker-5: Building] INFO  o.e.m.c.i.embedder.EclipseLogger - Using 'UTF-8' encoding to copy filtered resources.
2020-08-13 09:27:27,674 [Worker-5: Building] INFO  o.e.m.c.i.embedder.EclipseLogger - skip non existing resourceDirectory C:\SSAFY\git\s03p13b303\backend\src\test\resources
2020-08-13 09:27:58,492 [Worker-8: Building] INFO  o.e.m.c.i.embedder.EclipseLogger - Using 'UTF-8' encoding to copy filtered resources.
2020-08-13 09:27:58,496 [Worker-8: Building] INFO  o.e.m.c.i.embedder.EclipseLogger - Copying 1 resource
2020-08-13 09:27:58,500 [Worker-8: Building] INFO  o.e.m.c.i.embedder.EclipseLogger - Copying 18 resources
2020-08-13 09:27:58,505 [Worker-8: Building] INFO  o.e.m.c.i.embedder.EclipseLogger - Using 'UTF-8' encoding to copy filtered resources.
2020-08-13 09:27:58,505 [Worker-8: Building] INFO  o.e.m.c.i.embedder.EclipseLogger - skip non existing resourceDirectory C:\SSAFY\git\s03p13b303\backend\src\test\resources
2020-08-13 09:28:09,070 [Worker-8: Building] INFO  o.e.m.c.i.embedder.EclipseLogger - Using 'UTF-8' encoding to copy filtered resources.
2020-08-13 09:28:09,074 [Worker-8: Building] INFO  o.e.m.c.i.embedder.EclipseLogger - Copying 1 resource
2020-08-13 09:28:09,079 [Worker-8: Building] INFO  o.e.m.c.i.embedder.EclipseLogger - Copying 18 resources
2020-08-13 09:28:09,084 [Worker-8: Building] INFO  o.e.m.c.i.embedder.EclipseLogger - Using 'UTF-8' encoding to copy filtered resources.
2020-08-13 09:28:09,084 [Worker-8: Building] INFO  o.e.m.c.i.embedder.EclipseLogger - skip non existing resourceDirectory C:\SSAFY\git\s03p13b303\backend\src\test\resources
2020-08-13 09:28:17,017 [Worker-8: Building] INFO  o.e.m.c.i.embedder.EclipseLogger - Using 'UTF-8' encoding to copy filtered resources.
2020-08-13 09:28:17,023 [Worker-8: Building] INFO  o.e.m.c.i.embedder.EclipseLogger - Copying 1 resource
2020-08-13 09:28:17,028 [Worker-8: Building] INFO  o.e.m.c.i.embedder.EclipseLogger - Copying 18 resources
2020-08-13 09:28:17,032 [Worker-8: Building] INFO  o.e.m.c.i.embedder.EclipseLogger - Using 'UTF-8' encoding to copy filtered resources.
2020-08-13 09:28:17,033 [Worker-8: Building] INFO  o.e.m.c.i.embedder.EclipseLogger - skip non existing resourceDirectory C:\SSAFY\git\s03p13b303\backend\src\test\resources
2020-08-13 09:28:30,111 [Worker-12: Building] INFO  o.e.m.c.i.embedder.EclipseLogger - Using 'UTF-8' encoding to copy filtered resources.
2020-08-13 09:28:30,117 [Worker-12: Building] INFO  o.e.m.c.i.embedder.EclipseLogger - Copying 1 resource
2020-08-13 09:28:30,121 [Worker-12: Building] INFO  o.e.m.c.i.embedder.EclipseLogger - Copying 18 resources
2020-08-13 09:28:30,125 [Worker-12: Building] INFO  o.e.m.c.i.embedder.EclipseLogger - Using 'UTF-8' encoding to copy filtered resources.
2020-08-13 09:28:30,126 [Worker-12: Building] INFO  o.e.m.c.i.embedder.EclipseLogger - skip non existing resourceDirectory C:\SSAFY\git\s03p13b303\backend\src\test\resources
2020-08-13 09:31:36,323 [Worker-15: Building] INFO  o.e.m.c.i.embedder.EclipseLogger - Using 'UTF-8' encoding to copy filtered resources.
2020-08-13 09:31:36,335 [Worker-15: Building] INFO  o.e.m.c.i.embedder.EclipseLogger - Copying 1 resource
2020-08-13 09:31:36,346 [Worker-15: Building] INFO  o.e.m.c.i.embedder.EclipseLogger - Copying 18 resources
2020-08-13 09:31:36,353 [Worker-15: Building] INFO  o.e.m.c.i.embedder.EclipseLogger - Using 'UTF-8' encoding to copy filtered resources.
2020-08-13 09:31:36,354 [Worker-15: Building] INFO  o.e.m.c.i.embedder.EclipseLogger - skip non existing resourceDirectory C:\SSAFY\git\s03p13b303\backend\src\test\resources
2020-08-13 09:31:42,797 [Worker-12: Building] INFO  o.e.m.c.i.embedder.EclipseLogger - Using 'UTF-8' encoding to copy filtered resources.
2020-08-13 09:31:42,800 [Worker-12: Building] INFO  o.e.m.c.i.embedder.EclipseLogger - Copying 1 resource
2020-08-13 09:31:42,804 [Worker-12: Building] INFO  o.e.m.c.i.embedder.EclipseLogger - Copying 18 resources
2020-08-13 09:31:42,809 [Worker-12: Building] INFO  o.e.m.c.i.embedder.EclipseLogger - Using 'UTF-8' encoding to copy filtered resources.
2020-08-13 09:31:42,809 [Worker-12: Building] INFO  o.e.m.c.i.embedder.EclipseLogger - skip non existing resourceDirectory C:\SSAFY\git\s03p13b303\backend\src\test\resources
2020-08-13 09:32:15,315 [Worker-15: Building] INFO  o.e.m.c.i.embedder.EclipseLogger - Using 'UTF-8' encoding to copy filtered resources.
2020-08-13 09:32:15,319 [Worker-15: Building] INFO  o.e.m.c.i.embedder.EclipseLogger - Copying 1 resource
2020-08-13 09:32:15,323 [Worker-15: Building] INFO  o.e.m.c.i.embedder.EclipseLogger - Copying 18 resources
2020-08-13 09:32:15,328 [Worker-15: Building] INFO  o.e.m.c.i.embedder.EclipseLogger - Using 'UTF-8' encoding to copy filtered resources.
2020-08-13 09:32:15,328 [Worker-15: Building] INFO  o.e.m.c.i.embedder.EclipseLogger - skip non existing resourceDirectory C:\SSAFY\git\s03p13b303\backend\src\test\resources
2020-08-13 09:32:20,967 [Worker-15: Building] INFO  o.e.m.c.i.embedder.EclipseLogger - Using 'UTF-8' encoding to copy filtered resources.
2020-08-13 09:32:20,970 [Worker-15: Building] INFO  o.e.m.c.i.embedder.EclipseLogger - Copying 1 resource
2020-08-13 09:32:20,974 [Worker-15: Building] INFO  o.e.m.c.i.embedder.EclipseLogger - Copying 18 resources
2020-08-13 09:32:20,980 [Worker-15: Building] INFO  o.e.m.c.i.embedder.EclipseLogger - Using 'UTF-8' encoding to copy filtered resources.
2020-08-13 09:32:20,980 [Worker-15: Building] INFO  o.e.m.c.i.embedder.EclipseLogger - skip non existing resourceDirectory C:\SSAFY\git\s03p13b303\backend\src\test\resources
2020-08-13 09:34:16,570 [Worker-5: Building] INFO  o.e.m.c.i.embedder.EclipseLogger - Using 'UTF-8' encoding to copy filtered resources.
2020-08-13 09:34:16,588 [Worker-5: Building] INFO  o.e.m.c.i.embedder.EclipseLogger - Copying 1 resource
2020-08-13 09:34:16,595 [Worker-5: Building] INFO  o.e.m.c.i.embedder.EclipseLogger - Copying 18 resources
